  Gun.cpp
c:\users\arkad\documents\deadshot files\c++ programs\sfml\tests\doom_style_game\doom_style_game\gun.cpp(47): warning C4244: 'argument': conversion from 'double' to 'float', possible loss of data
c:\users\arkad\documents\deadshot files\c++ programs\sfml\tests\doom_style_game\doom_style_game\gun.cpp(46): warning C4244: 'argument': conversion from 'int' to 'float', possible loss of data
c:\users\arkad\documents\deadshot files\c++ programs\sfml\tests\doom_style_game\doom_style_game\gun.cpp(49): warning C4244: 'argument': conversion from 'double' to 'float', possible loss of data
c:\users\arkad\documents\deadshot files\c++ programs\sfml\tests\doom_style_game\doom_style_game\gun.cpp(50): warning C4244: 'argument': conversion from 'int' to 'T', possible loss of data
          with
          [
              T=float
          ]
c:\users\arkad\documents\deadshot files\c++ programs\sfml\tests\doom_style_game\doom_style_game\gun.cpp(51): warning C4244: 'argument': conversion from 'double' to 'float', possible loss of data
  Man.cpp
c:\users\arkad\documents\deadshot files\c++ programs\sfml\tests\doom_style_game\doom_style_game\man.cpp(8): warning C4244: 'argument': conversion from 'int' to 'float', possible loss of data
c:\users\arkad\documents\deadshot files\c++ programs\sfml\tests\doom_style_game\doom_style_game\man.cpp(49): warning C4244: 'argument': conversion from 'int' to 'float', possible loss of data
  Monster.cpp
c:\users\arkad\documents\deadshot files\c++ programs\sfml\tests\doom_style_game\doom_style_game\monster.cpp(8): warning C4244: 'argument': conversion from 'int' to 'float', possible loss of data
c:\users\arkad\documents\deadshot files\c++ programs\sfml\tests\doom_style_game\doom_style_game\monster.cpp(78): warning C4244: 'argument': conversion from 'int' to 'float', possible loss of data
  main.cpp
c:\users\arkad\documents\deadshot files\c++ programs\sfml\tests\doom_style_game\doom_style_game\main.cpp(15): warning C4244: 'argument': conversion from 'time_t' to 'unsigned int', possible loss of data
c:\users\arkad\documents\deadshot files\c++ programs\sfml\tests\doom_style_game\doom_style_game\main.cpp(85): warning C4244: '=': conversion from 'T' to 'float', possible loss of data
          with
          [
              T=int
          ]
c:\users\arkad\documents\deadshot files\c++ programs\sfml\tests\doom_style_game\doom_style_game\main.cpp(86): warning C4244: '=': conversion from 'T' to 'float', possible loss of data
          with
          [
              T=int
          ]
c:\users\arkad\documents\deadshot files\c++ programs\sfml\tests\doom_style_game\doom_style_game\main.cpp(91): warning C4244: 'argument': conversion from 'float' to 'int', possible loss of data
c:\users\arkad\documents\deadshot files\c++ programs\sfml\tests\doom_style_game\doom_style_game\main.cpp(161): warning C4244: 'initializing': conversion from 'const T' to 'int', possible loss of data
          with
          [
              T=float
          ]
c:\users\arkad\documents\deadshot files\c++ programs\sfml\tests\doom_style_game\doom_style_game\main.cpp(162): warning C4244: 'initializing': conversion from 'const T' to 'int', possible loss of data
          with
          [
              T=float
          ]
c:\users\arkad\documents\deadshot files\c++ programs\sfml\tests\doom_style_game\doom_style_game\main.cpp(169): warning C4244: 'initializing': conversion from 'const T' to 'int', possible loss of data
          with
          [
              T=float
          ]
c:\users\arkad\documents\deadshot files\c++ programs\sfml\tests\doom_style_game\doom_style_game\main.cpp(170): warning C4244: 'initializing': conversion from 'const T' to 'int', possible loss of data
          with
          [
              T=float
          ]
c:\users\arkad\documents\deadshot files\c++ programs\sfml\tests\doom_style_game\doom_style_game\main.cpp(178): warning C4244: '=': conversion from 'T' to 'float', possible loss of data
          with
          [
              T=int
          ]
c:\users\arkad\documents\deadshot files\c++ programs\sfml\tests\doom_style_game\doom_style_game\main.cpp(183): warning C4244: '=': conversion from 'T' to 'float', possible loss of data
          with
          [
              T=int
          ]
c:\users\arkad\documents\deadshot files\c++ programs\sfml\tests\doom_style_game\doom_style_game\main.cpp(187): warning C4244: 'argument': conversion from 'float' to 'T', possible loss of data
          with
          [
              T=int
          ]
  Generating code
  1 of 95 functions ( 1.1%) were compiled, the rest were copied from previous compilation.
    0 functions were new in current compilation
    12 functions had inline decision re-evaluated but remain unchanged
  Finished generating code
  DOOM_Style_Game.vcxproj -> C:\Users\arkad\Documents\DEADSHOT FILES\C++ Programs\SFML\TESTS\DOOM_Style_Game\Release\DOOM_Style_Game.exe
